<?xml version="1.0" encoding="UTF-8"?>
<!-- Generated by org.testng.reporters.JUnitXMLReporter -->
<testsuite ignored="0" hostname="DESKTOP-ADVMO1O" failures="0" tests="8" name="book-flight-name" time="33.415" errors="0" timestamp="26 Jun 2021 16:22:31 GMT">
  <testcase classname="com.newtours.test.BookFlightTest" name="registrationPage" time="14.827"/>
  <testcase classname="com.newtours.test.BookFlightTest" name="registrationConfirmationPage" time="0.628"/>
  <testcase classname="com.newtours.test.BookFlightTest" name="flightDetailsPage" time="1.463"/>
  <testcase classname="com.newtours.test.BookFlightTest" name="findFlightPage" time="1.563"/>
  <testcase classname="com.newtours.test.BookFlightTest" name="flightConfirmationPage" time="0.001"/>
  <testcase classname="com.newtours.test.BookFlightTest" name="flightDestnSelectorPage" time="0.532"/>
  <testcase classname="com.newtours.test.BookFlightTest" name="billingAddressPage" time="0.901"/>
  <testcase classname="com.newtours.test.BookFlightTest" name="validatePrice" time="0.373"/>
</testsuite> <!-- book-flight-name -->
